2017-06-16T16:52:56.088Z - normal: Load ~/.CocosCreator/settings.json
2017-06-16T16:52:56.091Z - normal: checking language setting...
2017-06-16T16:52:56.092Z - normal: Language: en
2017-06-16T16:52:56.350Z - success: protocol editor-framework registered
2017-06-16T16:52:56.350Z - success: protocol app registered
2017-06-16T16:52:56.350Z - success: protocol theme registered
2017-06-16T16:52:56.350Z - success: protocol profile registered
2017-06-16T16:52:56.351Z - success: protocol packages registered
2017-06-16T16:52:56.353Z - success: protocol unpack registerred
2017-06-16T16:52:56.353Z - success: protocol disable-commonjs registerred
2017-06-16T16:52:57.881Z - normal: connected!
2017-06-16T16:52:57.884Z - normal: Check project /Users/cblackstock/Downloads/start_project
2017-06-16T16:52:57.886Z - normal: Initializing Cocos2d
2017-06-16T16:52:58.004Z - normal: Initializing Asset Database
2017-06-16T16:52:58.022Z - success: protocol uuid registerred
2017-06-16T16:52:58.023Z - success: protocol db registerred
2017-06-16T16:52:58.023Z - success: protocol thumbnail registerred
2017-06-16T16:52:58.023Z - normal: Loading editor/builtin packages
2017-06-16T16:52:58.036Z - success: anysdk loaded
2017-06-16T16:52:58.138Z - success: assets loaded
2017-06-16T16:52:58.140Z - success: builder loaded
2017-06-16T16:52:58.143Z - success: hierarchy loaded
2017-06-16T16:52:58.146Z - success: inspector loaded
2017-06-16T16:52:58.147Z - success: keystore loaded
2017-06-16T16:52:58.150Z - success: node-library loaded
2017-06-16T16:52:58.151Z - success: package-asset loaded
2017-06-16T16:52:58.152Z - success: preferences loaded
2017-06-16T16:52:58.162Z - success: project-importer loaded
2017-06-16T16:52:58.164Z - success: project-settings loaded
2017-06-16T16:52:58.167Z - success: ui-kit loaded
2017-06-16T16:52:58.170Z - success: ui-grid loaded
2017-06-16T16:52:58.173Z - success: scene loaded
2017-06-16T16:52:58.174Z - success: sprite-editor loaded
2017-06-16T16:52:58.177Z - success: store loaded
2017-06-16T16:52:58.180Z - success: timeline loaded
2017-06-16T16:52:58.181Z - normal: Loading builtin packages
2017-06-16T16:52:58.184Z - success: asset-db-debugger loaded
2017-06-16T16:52:58.185Z - success: code-editor loaded
2017-06-16T16:52:58.186Z - success: color-picker loaded
2017-06-16T16:52:58.189Z - success: console loaded
2017-06-16T16:52:58.192Z - success: package-manager loaded
2017-06-16T16:52:58.198Z - success: sdkbox loaded
2017-06-16T16:52:58.201Z - success: tester loaded
2017-06-16T16:52:58.204Z - success: ui-kit-preview-extra loaded
2017-06-16T16:52:58.207Z - success: ui-kit-preview loaded
2017-06-16T16:52:58.210Z - success: ui-tree loaded
2017-06-16T16:52:58.241Z - normal: Initializing project /Users/cblackstock/Downloads/start_project
2017-06-16T16:52:58.242Z - warn: Profile profile://local/local.json warning: reset profile field: last-edit
2017-06-16T16:52:58.243Z - normal: Loading packages
2017-06-16T16:52:58.247Z - normal: Watching packages
2017-06-16T16:52:58.258Z - normal: Run Application
2017-06-16T16:52:58.470Z - success: preview server running at http://localhost:7456
2017-06-16T16:53:01.308Z - normal: 1.5.0
2017-06-16T17:11:41.789Z - normal: Compiled project javascript file successfully
2017-06-16T17:12:56.664Z - normal: Compiled project javascript file successfully
2017-06-16T17:15:25.775Z - normal: Compiled project javascript file successfully
2017-06-16T17:17:35.610Z - failed: Failed to drop asset a00f7084-6795-4d28-8fdb-f52a2f6432aa, message: Error: Can not find a component in the script "a00f7084-6795-4d28-8fdb-f52a2f6432aa.json".
    at /Applications/CocosCreator.app/Contents/Resources/app.asar/editor/page/scene-utils/utils.js:1:803
    at /Applications/CocosCreator.app/Contents/Resources/engine/cocos2d/core/platform/CCAssetLibrary.js:118:25
    at EventEmitter.<anonymous> (/Applications/CocosCreator.app/Contents/Resources/app.asar/editor-framework/lib/renderer/ipc.js:1:5795)
    at emitMany (events.js:127:13)
    at EventEmitter.emit (events.js:201:7)
2017-06-16T17:18:12.218Z - normal: Compiled project javascript file successfully
2017-06-16T17:20:19.310Z - normal: Compiled project javascript file successfully
2017-06-16T17:21:17.640Z - normal: Compiled project javascript file successfully
2017-06-16T17:25:05.465Z - normal: Compiled project javascript file successfully
2017-06-16T17:26:40.182Z - normal: Compiled project javascript file successfully
2017-06-16T17:27:09.004Z - normal: Compiled project javascript file successfully
2017-06-16T17:31:42.138Z - normal: Compiled project javascript file successfully
2017-06-16T17:31:47.241Z - normal: Compiled project javascript file successfully
2017-06-16T17:32:40.059Z - normal: Compiled project javascript file successfully
2017-06-16T17:39:32.362Z - normal: Compiled project javascript file successfully
2017-06-16T17:39:38.265Z - normal: Compiled project javascript file successfully
2017-06-16T17:40:17.009Z - normal: Compiled project javascript file successfully
2017-06-16T17:41:40.060Z - normal: Compiled project javascript file successfully
2017-06-16T17:41:54.365Z - normal: Compiled project javascript file successfully
2017-06-16T17:42:06.514Z - normal: Compiled project javascript file successfully
2017-06-16T17:44:07.605Z - normal: Compiled project javascript file successfully
2017-06-16T17:44:27.406Z - normal: Compiled project javascript file successfully
2017-06-16T17:44:40.658Z - normal: Compiled project javascript file successfully
2017-06-16T17:44:47.766Z - normal: Compiled project javascript file successfully
2017-06-16T17:44:59.466Z - normal: Compiled project javascript file successfully
2017-06-16T17:54:49.006Z - normal: Compiled project javascript file successfully
2017-06-16T17:54:58.745Z - normal: Compiled project javascript file successfully
2017-06-16T17:55:01.116Z - normal: Compiled project javascript file successfully
2017-06-16T17:55:21.392Z - normal: Compiled project javascript file successfully
2017-06-16T17:55:47.753Z - normal: Compiled project javascript file successfully
2017-06-16T17:59:41.814Z - normal: Compiled project javascript file successfully
2017-06-16T17:59:45.804Z - normal: Compiled project javascript file successfully
2017-06-16T18:00:14.699Z - normal: Compiled project javascript file successfully
2017-06-16T18:00:48.424Z - error: Failed to update asset db://assets/scripts/Game.js, messages: Compile error: SyntaxError: unknown: Unexpected token, expected , (74:4)
  72 |     }
  73 |     // called every frame, uncomment this function to activate update callback
> 74 |     update: function (dt) {
     |     ^
  75 |         // update timer for each frame, when a new star is not generated after exceeding duration
  76 |         // invoke the logic of game failure
  77 |         if (this.timer > this.starDuration) {
    at Parser.pp$5.raise (/Applications/CocosCreator.app/Contents/Resources/app.asar/node_modules/babylon/lib/index.js:4443:13)
    at Parser.pp.unexpected (/Applications/CocosCreator.app/Contents/Resources/app.asar/node_modules/babylon/lib/index.js:1755:8)
    at Parser.pp.expect (/Applications/CocosCreator.app/Contents/Resources/app.asar/node_modules/babylon/lib/index.js:1743:33)
    at Parser.pp$3.parseObj (/Applications/CocosCreator.app/Contents/Resources/app.asar/node_modules/babylon/lib/index.js:3968:12)
    at Parser.pp$3.parseExprAtom (/Applications/CocosCreator.app/Contents/Resources/app.asar/node_modules/babylon/lib/index.js:3709:19)
    at Parser.pp$3.parseExprSubscripts (/Applications/CocosCreator.app/Contents/Resources/app.asar/node_modules/babylon/lib/index.js:3484:19)
    at Parser.pp$3.parseMaybeUnary (/Applications/CocosCreator.app/Contents/Resources/app.asar/node_modules/babylon/lib/index.js:3464:19)
    at Parser.pp$3.parseExprOps (/Applications/CocosCreator.app/Contents/Resources/app.asar/node_modules/babylon/lib/index.js:3394:19)
    at Parser.pp$3.parseMaybeConditional (/Applications/CocosCreator.app/Contents/Resources/app.asar/node_modules/babylon/lib/index.js:3371:19)
    at Parser.pp$3.parseMaybeAssign (/Applications/CocosCreator.app/Contents/Resources/app.asar/node_modules/babylon/lib/index.js:3334:19)
    at s.AssetDB.error (/Applications/CocosCreator.app/Contents/Resources/app.asar/asset-db/lib/utils.js:1:2582)
    at Object.callback (/Applications/CocosCreator.app/Contents/Resources/app.asar/asset-db/lib/interface.js:1:5731)
    at /Applications/CocosCreator.app/Contents/Resources/app.asar/node_modules/async/lib/async.js:906:35
    at _arrayEach (/Applications/CocosCreator.app/Contents/Resources/app.asar/node_modules/async/lib/async.js:85:13)
    at /Applications/CocosCreator.app/Contents/Resources/app.asar/node_modules/async/lib/async.js:898:17
    at /Applications/CocosCreator.app/Contents/Resources/app.asar/node_modules/async/lib/async.js:44:16
    at s.<anonymous> (/Applications/CocosCreator.app/Contents/Resources/app.asar/asset-db/index.js:1:1683)
    at /Applications/CocosCreator.app/Contents/Resources/app.asar/asset-db/lib/tasks.js:1:22642
    at /Applications/CocosCreator.app/Contents/Resources/app.asar/node_modules/async/lib/async.js:52:16
2017-06-16T18:00:52.989Z - normal: Compiled project javascript file successfully
2017-06-16T18:01:05.682Z - normal: Compiled project javascript file successfully
2017-06-16T18:01:22.875Z - normal: Compiled project javascript file successfully
2017-06-16T18:04:29.120Z - normal: connected!
2017-06-16T18:04:29.496Z - normal: 1.5.0
2017-06-16T18:06:55.001Z - normal: Compiled project javascript file successfully
2017-06-16T18:07:22.488Z - normal: Compiled project javascript file successfully
2017-06-16T18:10:15.042Z - normal: Compiled project javascript file successfully
2017-06-16T18:11:05.924Z - normal: Compiled project javascript file successfully
2017-06-16T18:12:08.857Z - normal: Compiled project javascript file successfully
2017-06-16T18:12:32.352Z - normal: Compiled project javascript file successfully
2017-06-16T18:14:20.203Z - normal: Compiled project javascript file successfully
2017-06-16T18:14:29.776Z - normal: Compiled project javascript file successfully
